#
# There is insufficient memory for the Java Runtime Environment to continue.
# Native memory allocation (malloc) failed to allocate 341280 bytes for Chunk::new
# Possible reasons:
#   The system is out of physical RAM or swap space
#   The process is running with CompressedOops enabled, and the Java Heap may be blocking the growth of the native heap
# Possible solutions:
#   Reduce memory load on the system
#   Increase physical memory or swap space
#   Check if swap backing store is full
#   Decrease Java heap size (-Xmx/-Xms)
#   Decrease number of Java threads
#   Decrease Java thread stack sizes (-Xss)
#   Set larger code cache with -XX:ReservedCodeCacheSize=
#   JVM is running with Zero Based Compressed Oops mode in which the Java heap is
#     placed in the first 32GB address space. The Java Heap base address is the
#     maximum limit for the native heap growth. Please use -XX:HeapBaseMinAddress
#     to set the Java Heap base and to place the Java Heap above 32GB virtual address.
# This output file may be truncated or incomplete.
#
#  Out of Memory Error (arena.cpp:184), pid=22696, tid=984
#
# JRE version: Java(TM) SE Runtime Environment (18.0.2.1+1) (build 18.0.2.1+1-1)
# Java VM: Java HotSpot(TM) 64-Bit Server VM (18.0.2.1+1-1, mixed mode, sharing, tiered, compressed oops, compressed class ptrs, g1 gc, windows-amd64)
# No core dump will be written. Minidumps are not enabled by default on client versions of Windows
#

---------------  S U M M A R Y ------------

Command Line: -javaagent:C:\Users\42410863817\AppData\Local\JetBrains\IntelliJ IDEA Community Edition 2023.2.2\lib\idea_rt.jar=64797:C:\Users\42410863817\AppData\Local\JetBrains\IntelliJ IDEA Community Edition 2023.2.2\bin -Dfile.encoding=UTF-8 -Dsun.stdout.encoding=UTF-8 -Dsun.stderr.encoding=UTF-8 Vsconnect.senai.SenaiApplication

Host: 11th Gen Intel(R) Core(TM) i7-11800H @ 2.30GHz, 16 cores, 15G,  Windows 11 , 64 bit Build 22000 (10.0.22000.2538)
Time: Wed Oct 25 21:49:50 2023 E. South America Standard Time elapsed time: 0.311048 seconds (0d 0h 0m 0s)

---------------  T H R E A D  ---------------

Current thread (0x000001dab4c63310):  JavaThread "C2 CompilerThread0" daemon [_thread_in_native, id=984, stack(0x000000121c600000,0x000000121c700000)]


Current CompileTask:
C2:    311  710       4       java.io.DataInputStream::readUTF (501 bytes)

Stack: [0x000000121c600000,0x000000121c700000]
Native frames: (J=compiled Java code, j=interpreted, Vv=VM code, C=native code)
V  [jvm.dll+0x6993aa]
V  [jvm.dll+0x7f46dd]
V  [jvm.dll+0x7f5fee]
V  [jvm.dll+0x7f66a3]
V  [jvm.dll+0x25cf1f]
V  [jvm.dll+0xb8c2f]
V  [jvm.dll+0xb8fa5]
V  [jvm.dll+0x3860cb]
V  [jvm.dll+0x34fe71]
V  [jvm.dll+0x34f30a]
V  [jvm.dll+0x230101]
V  [jvm.dll+0x22f4d1]
V  [jvm.dll+0x1ba01c]
V  [jvm.dll+0x23ee0a]
V  [jvm.dll+0x23d0f5]
V  [jvm.dll+0x7a6dd1]
V  [jvm.dll+0x7a120a]
V  [jvm.dll+0x698255]
C  [ucrtbase.dll+0x26c0c]
C  [KERNEL32.DLL+0x153e0]
C  [ntdll.dll+0x485b]


---------------  P R O C E S S  ---------------

Threads class SMR info:
_java_thread_list=0x000001dab958a060, length=18, elements={
0x000001da915cb8d0, 0x000001dab4c419f0, 0x000001dab4c42390, 0x000001dab4c5bc00,
0x000001dab4c5c5a0, 0x000001dab4c5ef50, 0x000001dab4c61900, 0x000001dab4c63310,
0x000001dab4c79910, 0x000001dab4c8c310, 0x000001dab90a7cb0, 0x000001dab4c79400,
0x000001dab4c77fc0, 0x000001dab4c789e0, 0x000001dab4c78ef0, 0x000001dab9258420,
0x000001dab93cddd0, 0x000001dab4c79e20
}

Java Threads: ( => current thread )
  0x000001da915cb8d0 JavaThread "main" [_thread_in_native, id=17228, stack(0x000000121b900000,0x000000121ba00000)]
  0x000001dab4c419f0 JavaThread "Reference Handler" daemon [_thread_blocked, id=15352, stack(0x000000121c000000,0x000000121c100000)]
  0x000001dab4c42390 JavaThread "Finalizer" daemon [_thread_blocked, id=14404, stack(0x000000121c100000,0x000000121c200000)]
  0x000001dab4c5bc00 JavaThread "Signal Dispatcher" daemon [_thread_blocked, id=8288, stack(0x000000121c200000,0x000000121c300000)]
  0x000001dab4c5c5a0 JavaThread "Attach Listener" daemon [_thread_blocked, id=768, stack(0x000000121c300000,0x000000121c400000)]
  0x000001dab4c5ef50 JavaThread "Service Thread" daemon [_thread_blocked, id=10564, stack(0x000000121c400000,0x000000121c500000)]
  0x000001dab4c61900 JavaThread "Monitor Deflation Thread" daemon [_thread_blocked, id=23224, stack(0x000000121c500000,0x000000121c600000)]
=>0x000001dab4c63310 JavaThread "C2 CompilerThread0" daemon [_thread_in_native, id=984, stack(0x000000121c600000,0x000000121c700000)]
  0x000001dab4c79910 JavaThread "C1 CompilerThread0" daemon [_thread_in_vm, id=18684, stack(0x000000121c700000,0x000000121c800000)]
  0x000001dab4c8c310 JavaThread "Sweeper thread" daemon [_thread_blocked, id=8584, stack(0x000000121c800000,0x000000121c900000)]
  0x000001dab90a7cb0 JavaThread "Common-Cleaner" daemon [_thread_blocked, id=10672, stack(0x000000121c900000,0x000000121ca00000)]
  0x000001dab4c79400 JavaThread "C1 CompilerThread1" daemon [_thread_blocked, id=21192, stack(0x000000121ca00000,0x000000121cb00000)]
  0x000001dab4c77fc0 JavaThread "C1 CompilerThread2" daemon [_thread_blocked, id=22396, stack(0x000000121cb00000,0x000000121cc00000)]
  0x000001dab4c789e0 JavaThread "C1 CompilerThread3" daemon [_thread_blocked, id=18796, stack(0x000000121cc00000,0x000000121cd00000)]
  0x000001dab4c78ef0 JavaThread "C2 CompilerThread1" daemon [_thread_in_native, id=14868, stack(0x000000121cd00000,0x000000121ce00000)]
  0x000001dab9258420 JavaThread "Monitor Ctrl-Break" daemon [_thread_in_native, id=9936, stack(0x000000121ce00000,0x000000121cf00000)]
  0x000001dab93cddd0 JavaThread "Notification Thread" daemon [_thread_blocked, id=15964, stack(0x000000121cf00000,0x000000121d000000)]
  0x000001dab4c79e20 JavaThread "C2 CompilerThread2" daemon [_thread_in_native, id=7364, stack(0x000000121d100000,0x000000121d200000)]

Other Threads:
  0x000001da9166d280 VMThread "VM Thread" [stack: 0x000000121bf00000,0x000000121c000000] [id=22432]
  0x000001dab92588e0 WatcherThread "VM Periodic Task Thread" [stack: 0x000000121d000000,0x000000121d100000] [id=10640]
  0x000001da9163eea0 WorkerThread "GC Thread#0" [stack: 0x000000121ba00000,0x000000121bb00000] [id=588]
  0x000001da916509a0 ConcurrentGCThread "G1 Main Marker" [stack: 0x000000121bb00000,0x000000121bc00000] [id=13472]
  0x000001da91651b30 WorkerThread "G1 Conc#0" [stack: 0x000000121bc00000,0x000000121bd00000] [id=13668]
  0x000001dab4afd550 ConcurrentGCThread "G1 Refine#0" [stack: 0x000000121bd00000,0x000000121be00000] [id=17980]
  0x000001dab4afde60 ConcurrentGCThread "G1 Service" [stack: 0x000000121be00000,0x000000121bf00000] [id=17032]

Threads with active compile tasks:
C2 CompilerThread0      323  710       4       java.io.DataInputStream::readUTF (501 bytes)
C1 CompilerThread0      323  765       3       java.util.zip.ZipFile$ZipFileInputStream::initDataOffset (117 bytes)
C1 CompilerThread3      323  763   !   3       java.util.zip.ZipFile$ZipFileInputStream::read (135 bytes)
C2 CompilerThread1      323  745   !   4       java.util.zip.ZipFile::getEntry (59 bytes)
C2 CompilerThread2      323  755   !   4       java.util.jar.JarFile::checkForSpecialAttributes (163 bytes)

VM state: not at safepoint (normal execution)

VM Mutex/Monitor currently owned by a thread: None

Heap address: 0x0000000704400000, size: 4028 MB, Compressed Oops mode: Zero based, Oop shift amount: 3

CDS archive(s) mapped at: [0x0000000800000000-0x0000000800ba0000-0x0000000800ba0000), size 12189696, SharedBaseAddress: 0x0000000800000000, ArchiveRelocationMode: 0.
Compressed class space mapped at: 0x0000000800c00000-0x0000000840c00000, reserved size: 1073741824
Narrow klass base: 0x0000000800000000, Narrow klass shift: 0, Narrow klass range: 0x100000000

GC Precious Log:
 CardTable entry size: 512
 Card Set container configuration: InlinePtr #cards 4 size 8 Array Of Cards #cards 16 size 48 Howl #buckets 8 coarsen threshold 3686 Howl Bitmap #cards 512 size 80 coarsen threshold 460 Card regions per heap region 1 cards per card region 4096
 CPUs: 16 total, 16 available
 Memory: 16110M
 Large Page Support: Disabled
 NUMA Support: Disabled
 Compressed Oops: Enabled (Zero based)
 Heap Region Size: 2M
 Heap Min Capacity: 8M
 Heap Initial Capacity: 252M
 Heap Max Capacity: 4028M
 Pre-touch: Disabled
 Parallel Workers: 13
 Concurrent Workers: 3
 Concurrent Refinement Workers: 13
 Periodic GC: Disabled

Heap:
 garbage-first heap   total 258048K, used 10240K [0x0000000704400000, 0x0000000800000000)
  region size 2048K, 7 young (14336K), 0 survivors (0K)
 Metaspace       used 2704K, committed 2944K, reserved 1114112K
  class space    used 253K, committed 384K, reserved 1048576K

Heap Regions: E=young(eden), S=young(survivor), O=old, HS=humongous(starts), HC=humongous(continues), CS=collection set, F=free, OA=open archive, CA=closed archive, TAMS=top-at-mark-start (previous, next)
|   0|0x0000000704400000, 0x0000000704400000, 0x0000000704600000|  0%| F|  |TAMS 0x0000000704400000, 0x0000000704400000| Untracked 
|   1|0x0000000704600000, 0x0000000704600000, 0x0000000704800000|  0%| F|  |TAMS 0x0000000704600000, 0x0000000704600000| Untracked 
|   2|0x0000000704800000, 0x0000000704800000, 0x0000000704a00000|  0%| F|  |TAMS 0x0000000704800000, 0x0000000704800000| Untracked 
|   3|0x0000000704a00000, 0x0000000704a00000, 0x0000000704c00000|  0%| F|  |TAMS 0x0000000704a00000, 0x0000000704a00000| Untracked 
|   4|0x0000000704c00000, 0x0000000704c00000, 0x0000000704e00000|  0%| F|  |TAMS 0x0000000704c00000, 0x0000000704c00000| Untracked 
|   5|0x0000000704e00000, 0x0000000704e00000, 0x0000000705000000|  0%| F|  |TAMS 0x0000000704e00000, 0x0000000704e00000| Untracked 
|   6|0x0000000705000000, 0x0000000705000000, 0x0000000705200000|  0%| F|  |TAMS 0x0000000705000000, 0x0000000705000000| Untracked 
|   7|0x0000000705200000, 0x0000000705200000, 0x0000000705400000|  0%| F|  |TAMS 0x0000000705200000, 0x0000000705200000| Untracked 
|   8|0x0000000705400000, 0x0000000705400000, 0x0000000705600000|  0%| F|  |TAMS 0x0000000705400000, 0x0000000705400000| Untracked 
|   9|0x0000000705600000, 0x0000000705600000, 0x0000000705800000|  0%| F|  |TAMS 0x0000000705600000, 0x0000000705600000| Untracked 
|  10|0x0000000705800000, 0x0000000705800000, 0x0000000705a00000|  0%| F|  |TAMS 0x0000000705800000, 0x0000000705800000| Untracked 
|  11|0x0000000705a00000, 0x0000000705a00000, 0x0000000705c00000|  0%| F|  |TAMS 0x0000000705a00000, 0x0000000705a00000| Untracked 
|  12|0x0000000705c00000, 0x0000000705c00000, 0x0000000705e00000|  0%| F|  |TAMS 0x0000000705c00000, 0x0000000705c00000| Untracked 
|  13|0x0000000705e00000, 0x0000000705e00000, 0x0000000706000000|  0%| F|  |TAMS 0x0000000705e00000, 0x0000000705e00000| Untracked 
|  14|0x0000000706000000, 0x0000000706000000, 0x0000000706200000|  0%| F|  |TAMS 0x0000000706000000, 0x0000000706000000| Untracked 
|  15|0x0000000706200000, 0x0000000706200000, 0x0000000706400000|  0%| F|  |TAMS 0x0000000706200000, 0x0000000706200000| Untracked 
|  16|0x0000000706400000, 0x0000000706400000, 0x0000000706600000|  0%| F|  |TAMS 0x0000000706400000, 0x0000000706400000| Untracked 
|  17|0x0000000706600000, 0x0000000706600000, 0x0000000706800000|  0%| F|  |TAMS 0x0000000706600000, 0x0000000706600000| Untracked 
|  18|0x0000000706800000, 0x0000000706800000, 0x0000000706a00000|  0%| F|  |TAMS 0x0000000706800000, 0x0000000706800000| Untracked 
|  19|0x0000000706a00000, 0x0000000706a00000, 0x0000000706c00000|  0%| F|  |TAMS 0x0000000706a00000, 0x0000000706a00000| Untracked 
|  20|0x0000000706c00000, 0x0000000706c00000, 0x0000000706e00000|  0%| F|  |TAMS 0x0000000706c00000, 0x0000000706c00000| Untracked 
|  21|0x0000000706e00000, 0x0000000706e00000, 0x0000000707000000|  0%| F|  |TAMS 0x0000000706e00000, 0x0000000706e00000| Untracked 
|  22|0x0000000707000000, 0x0000000707000000, 0x0000000707200000|  0%| F|  |TAMS 0x0000000707000000, 0x0000000707000000| Untracked 
|  23|0x0000000707200000, 0x0000000707200000, 0x0000000707400000|  0%| F|  |TAMS 0x0000000707200000, 0x0000000707200000| Untracked 
|  24|0x0000000707400000, 0x0000000707400000, 0x0000000707600000|  0%| F|  |TAMS 0x0000000707400000, 0x0000000707400000| Untracked 
|  25|0x0000000707600000, 0x0000000707600000, 0x0000000707800000|  0%| F|  |TAMS 0x0000000707600000, 0x0000000707600000| Untracked 
|  26|0x0000000707800000, 0x0000000707800000, 0x0000000707a00000|  0%| F|  |TAMS 0x0000000707800000, 0x0000000707800000| Untracked 
|  27|0x0000000707a00000, 0x0000000707a00000, 0x0000000707c00000|  0%| F|  |TAMS 0x0000000707a00000, 0x0000000707a00000| Untracked 
|  28|0x0000000707c00000, 0x0000000707c00000, 0x0000000707e00000|  0%| F|  |TAMS 0x0000000707c00000, 0x0000000707c00000| Untracked 
|  29|0x0000000707e00000, 0x0000000707e00000, 0x0000000708000000|  0%| F|  |TAMS 0x0000000707e00000, 0x0000000707e00000| Untracked 
|  30|0x0000000708000000, 0x0000000708000000, 0x0000000708200000|  0%| F|  |TAMS 0x0000000708000000, 0x0000000708000000| Untracked 
|  31|0x0000000708200000, 0x0000000708200000, 0x0000000708400000|  0%| F|  |TAMS 0x0000000708200000, 0x0000000708200000| Untracked 
|  32|0x0000000708400000, 0x0000000708400000, 0x0000000708600000|  0%| F|  |TAMS 0x0000000708400000, 0x0000000708400000| Untracked 
|  33|0x0000000708600000, 0x0000000708600000, 0x0000000708800000|  0%| F|  |TAMS 0x0000000708600000, 0x0000000708600000| Untracked 
|  34|0x0000000708800000, 0x0000000708800000, 0x0000000708a00000|  0%| F|  |TAMS 0x0000000708800000, 0x0000000708800000| Untracked 
|  35|0x0000000708a00000, 0x0000000708a00000, 0x0000000708c00000|  0%| F|  |TAMS 0x0000000708a00000, 0x0000000708a00000| Untracked 
|  36|0x0000000708c00000, 0x0000000708c00000, 0x0000000708e00000|  0%| F|  |TAMS 0x0000000708c00000, 0x0000000708c00000| Untracked 
|  37|0x0000000708e00000, 0x0000000708e00000, 0x0000000709000000|  0%| F|  |TAMS 0x0000000708e00000, 0x0000000708e00000| Untracked 
|  38|0x0000000709000000, 0x0000000709000000, 0x0000000709200000|  0%| F|  |TAMS 0x0000000709000000, 0x0000000709000000| Untracked 
|  39|0x0000000709200000, 0x0000000709200000, 0x0000000709400000|  0%| F|  |TAMS 0x0000000709200000, 0x0000000709200000| Untracked 
|  40|0x0000000709400000, 0x0000000709400000, 0x0000000709600000|  0%| F|  |TAMS 0x0000000709400000, 0x0000000709400000| Untracked 
|  41|0x0000000709600000, 0x0000000709600000, 0x0000000709800000|  0%| F|  |TAMS 0x0000000709600000, 0x0000000709600000| Untracked 
|  42|0x0000000709800000, 0x0000000709800000, 0x0000000709a00000|  0%| F|  |TAMS 0x0000000709800000, 0x0000000709800000| Untracked 
|  43|0x0000000709a00000, 0x0000000709a00000, 0x0000000709c00000|  0%| F|  |TAMS 0x0000000709a00000, 0x0000000709a00000| Untracked 
|  44|0x0000000709c00000, 0x0000000709c00000, 0x0000000709e00000|  0%| F|  |TAMS 0x0000000709c00000, 0x0000000709c00000| Untracked 
|  45|0x0000000709e00000, 0x0000000709e00000, 0x000000070a000000|  0%| F|  |TAMS 0x0000000709e00000, 0x0000000709e00000| Untracked 
|  46|0x000000070a000000, 0x000000070a000000, 0x000000070a200000|  0%| F|  |TAMS 0x000000070a000000, 0x000000070a000000| Untracked 
|  47|0x000000070a200000, 0x000000070a200000, 0x000000070a400000|  0%| F|  |TAMS 0x000000070a200000, 0x000000070a200000| Untracked 
|  48|0x000000070a400000, 0x000000070a400000, 0x000000070a600000|  0%| F|  |TAMS 0x000000070a400000, 0x000000070a400000| Untracked 
|  49|0x000000070a600000, 0x000000070a600000, 0x000000070a800000|  0%| F|  |TAMS 0x000000070a600000, 0x000000070a600000| Untracked 
|  50|0x000000070a800000, 0x000000070a800000, 0x000000070aa00000|  0%| F|  |TAMS 0x000000070a800000, 0x000000070a800000| Untracked 
|  51|0x000000070aa00000, 0x000000070aa00000, 0x000000070ac00000|  0%| F|  |TAMS 0x000000070aa00000, 0x000000070aa00000| Untracked 
|  52|0x000000070ac00000, 0x000000070ac00000, 0x000000070ae00000|  0%| F|  |TAMS 0x000000070ac00000, 0x000000070ac00000| Untracked 
|  53|0x000000070ae00000, 0x000000070ae00000, 0x000000070b000000|  0%| F|  |TAMS 0x000000070ae00000, 0x000000070ae00000| Untracked 
|  54|0x000000070b000000, 0x000000070b000000, 0x000000070b200000|  0%| F|  |TAMS 0x000000070b000000, 0x000000070b000000| Untracked 
|  55|0x000000070b200000, 0x000000070b200000, 0x000000070b400000|  0%| F|  |TAMS 0x000000070b200000, 0x000000070b200000| Untracked 
|  56|0x000000070b400000, 0x000000070b400000, 0x000000070b600000|  0%| F|  |TAMS 0x000000070b400000, 0x000000070b400000| Untracked 
|  57|0x000000070b600000, 0x000000070b600000, 0x000000070b800000|  0%| F|  |TAMS 0x000000070b600000, 0x000000070b600000| Untracked 
|  58|0x000000070b800000, 0x000000070b800000, 0x000000070ba00000|  0%| F|  |TAMS 0x000000070b800000, 0x000000070b800000| Untracked 
|  59|0x000000070ba00000, 0x000000070ba00000, 0x000000070bc00000|  0%| F|  |TAMS 0x000000070ba00000, 0x000000070ba00000| Untracked 
|  60|0x000000070bc00000, 0x000000070bc00000, 0x000000070be00000|  0%| F|  |TAMS 0x000000070bc00000, 0x000000070bc00000| Untracked 
|  61|0x000000070be00000, 0x000000070be00000, 0x000000070c000000|  0%| F|  |TAMS 0x000000070be00000, 0x000000070be00000| Untracked 
|  62|0x000000070c000000, 0x000000070c000000, 0x000000070c200000|  0%| F|  |TAMS 0x000000070c000000, 0x000000070c000000| Untracked 
|  63|0x000000070c200000, 0x000000070c200000, 0x000000070c400000|  0%| F|  |TAMS 0x000000070c200000, 0x000000070c200000| Untracked 
|  64|0x000000070c400000, 0x000000070c400000, 0x000000070c600000|  0%| F|  |TAMS 0x000000070c400000, 0x000000070c400000| Untracked 
|  65|0x000000070c600000, 0x000000070c600000, 0x000000070c800000|  0%| F|  |TAMS 0x000000070c600000, 0x000000070c600000| Untracked 
|  66|0x000000070c800000, 0x000000070c800000, 0x000000070ca00000|  0%| F|  |TAMS 0x000000070c800000, 0x000000070c800000| Untracked 
|  67|0x000000070ca00000, 0x000000070ca00000, 0x000000070cc00000|  0%| F|  |TAMS 0x000000070ca00000, 0x000000070ca00000| Untracked 
|  68|0x000000070cc00000, 0x000000070cc00000, 0x000000070ce00000|  0%| F|  |TAMS 0x000000070cc00000, 0x000000070cc00000| Untracked 
|  69|0x000000070ce00000, 0x000000070ce00000, 0x000000070d000000|  0%| F|  |TAMS 0x000000070ce00000, 0x000000070ce00000| Untracked 
|  70|0x000000070d000000, 0x000000070d000000, 0x000000070d200000|  0%| F|  |TAMS 0x000000070d000000, 0x000000070d000000| Untracked 
|  71|0x000000070d200000, 0x000000070d200000, 0x000000070d400000|  0%| F|  |TAMS 0x000000070d200000, 0x000000070d200000| Untracked 
|  72|0x000000070d400000, 0x000000070d400000, 0x000000070d600000|  0%| F|  |TAMS 0x000000070d400000, 0x000000070d400000| Untracked 
|  73|0x000000070d600000, 0x000000070d600000, 0x000000070d800000|  0%| F|  |TAMS 0x000000070d600000, 0x000000070d600000| Untracked 
|  74|0x000000070d800000, 0x000000070d800000, 0x000000070da00000|  0%| F|  |TAMS 0x000000070d800000, 0x000000070d800000| Untracked 
|  75|0x000000070da00000, 0x000000070da00000, 0x000000070dc00000|  0%| F|  |TAMS 0x000000070da00000, 0x000000070da00000| Untracked 
|  76|0x000000070dc00000, 0x000000070dc00000, 0x000000070de00000|  0%| F|  |TAMS 0x000000070dc00000, 0x000000070dc00000| Untracked 
|  77|0x000000070de00000, 0x000000070de00000, 0x000000070e000000|  0%| F|  |TAMS 0x000000070de00000, 0x000000070de00000| Untracked 
|  78|0x000000070e000000, 0x000000070e000000, 0x000000070e200000|  0%| F|  |TAMS 0x000000070e000000, 0x000000070e000000| Untracked 
|  79|0x000000070e200000, 0x000000070e200000, 0x000000070e400000|  0%| F|  |TAMS 0x000000070e200000, 0x000000070e200000| Untracked 
|  80|0x000000070e400000, 0x000000070e400000, 0x000000070e600000|  0%| F|  |TAMS 0x000000070e400000, 0x000000070e400000| Untracked 
|  81|0x000000070e600000, 0x000000070e600000, 0x000000070e800000|  0%| F|  |TAMS 0x000000070e600000, 0x000000070e600000| Untracked 
|  82|0x000000070e800000, 0x000000070e800000, 0x000000070ea00000|  0%| F|  |TAMS 0x000000070e800000, 0x000000070e800000| Untracked 
|  83|0x000000070ea00000, 0x000000070ea00000, 0x000000070ec00000|  0%| F|  |TAMS 0x000000070ea00000, 0x000000070ea00000| Untracked 
|  84|0x000000070ec00000, 0x000000070ec00000, 0x000000070ee00000|  0%| F|  |TAMS 0x000000070ec00000, 0x000000070ec00000| Untracked 
|  85|0x000000070ee00000, 0x000000070ee00000, 0x000000070f000000|  0%| F|  |TAMS 0x000000070ee00000, 0x000000070ee00000| Untracked 
|  86|0x000000070f000000, 0x000000070f000000, 0x000000070f200000|  0%| F|  |TAMS 0x000000070f000000, 0x000000070f000000| Untracked 
|  87|0x000000070f200000, 0x000000070f200000, 0x000000070f400000|  0%| F|  |TAMS 0x000000070f200000, 0x000000070f200000| Untracked 
|  88|0x000000070f400000, 0x000000070f400000, 0x000000070f600000|  0%| F|  |TAMS 0x000000070f400000, 0x000000070f400000| Untracked 
|  89|0x000000070f600000, 0x000000070f600000, 0x000000070f800000|  0%| F|  |TAMS 0x000000070f600000, 0x000000070f600000| Untracked 
|  90|0x000000070f800000, 0x000000070f800000, 0x000000070fa00000|  0%| F|  |TAMS 0x000000070f800000, 0x000000070f800000| Untracked 
|  91|0x000000070fa00000, 0x000000070fa00000, 0x000000070fc00000|  0%| F|  |TAMS 0x000000070fa00000, 0x000000070fa00000| Untracked 
|  92|0x000000070fc00000, 0x000000070fc00000, 0x000000070fe00000|  0%| F|  |TAMS 0x000000070fc00000, 0x000000070fc00000| Untracked 
|  93|0x000000070fe00000, 0x000000070fe00000, 0x0000000710000000|  0%| F|  |TAMS 0x000000070fe00000, 0x000000070fe00000| Untracked 
|  94|0x0000000710000000, 0x0000000710000000, 0x0000000710200000|  0%| F|  |TAMS 0x0000000710000000, 0x0000000710000000| Untracked 
|  95|0x0000000710200000, 0x0000000710200000, 0x0000000710400000|  0%| F|  |TAMS 0x0000000710200000, 0x0000000710200000| Untracked 
|  96|0x0000000710400000, 0x0000000710400000, 0x0000000710600000|  0%| F|  |TAMS 0x0000000710400000, 0x0000000710400000| Untracked 
|  97|0x0000000710600000, 0x0000000710600000, 0x0000000710800000|  0%| F|  |TAMS 0x0000000710600000, 0x0000000710600000| Untracked 
|  98|0x0000000710800000, 0x0000000710800000, 0x0000000710a00000|  0%| F|  |TAMS 0x0000000710800000, 0x0000000710800000| Untracked 
|  99|0x0000000710a00000, 0x0000000710a00000, 0x0000000710c00000|  0%| F|  |TAMS 0x0000000710a00000, 0x0000000710a00000| Untracked 
| 100|0x0000000710c00000, 0x0000000710c00000, 0x0000000710e00000|  0%| F|  |TAMS 0x0000000710c00000, 0x0000000710c00000| Untracked 
| 101|0x0000000710e00000, 0x0000000710e00000, 0x0000000711000000|  0%| F|  |TAMS 0x0000000710e00000, 0x0000000710e00000| Untracked 
| 102|0x0000000711000000, 0x0000000711000000, 0x0000000711200000|  0%| F|  |TAMS 0x0000000711000000, 0x0000000711000000| Untracked 
| 103|0x0000000711200000, 0x0000000711200000, 0x0000000711400000|  0%| F|  |TAMS 0x0000000711200000, 0x0000000711200000| Untracked 
| 104|0x0000000711400000, 0x0000000711400000, 0x0000000711600000|  0%| F|  |TAMS 0x0000000711400000, 0x0000000711400000| Untracked 
| 105|0x0000000711600000, 0x0000000711600000, 0x0000000711800000|  0%| F|  |TAMS 0x0000000711600000, 0x0000000711600000| Untracked 
| 106|0x0000000711800000, 0x0000000711800000, 0x0000000711a00000|  0%| F|  |TAMS 0x0000000711800000, 0x0000000711800000| Untracked 
| 107|0x0000000711a00000, 0x0000000711a00000, 0x0000000711c00000|  0%| F|  |TAMS 0x0000000711a00000, 0x0000000711a00000| Untracked 
| 108|0x0000000711c00000, 0x0000000711c00000, 0x0000000711e00000|  0%| F|  |TAMS 0x0000000711c00000, 0x0000000711c00000| Untracked 
| 109|0x0000000711e00000, 0x0000000711e00000, 0x0000000712000000|  0%| F|  |TAMS 0x0000000711e00000, 0x0000000711e00000| Untracked 
| 110|0x0000000712000000, 0x0000000712000000, 0x0000000712200000|  0%| F|  |TAMS 0x0000000712000000, 0x0000000712000000| Untracked 
| 111|0x0000000712200000, 0x0000000712200000, 0x0000000712400000|  0%| F|  |TAMS 0x0000000712200000, 0x0000000712200000| Untracked 
| 112|0x0000000712400000, 0x0000000712400000, 0x0000000712600000|  0%| F|  |TAMS 0x0000000712400000, 0x0000000712400000| Untracked 
| 113|0x0000000712600000, 0x0000000712600000, 0x0000000712800000|  0%| F|  |TAMS 0x0000000712600000, 0x0000000712600000| Untracked 
| 114|0x0000000712800000, 0x0000000712800000, 0x0000000712a00000|  0%| F|  |TAMS 0x0000000712800000, 0x0000000712800000| Untracked 
| 115|0x0000000712a00000, 0x0000000712a00000, 0x0000000712c00000|  0%| F|  |TAMS 0x0000000712a00000, 0x0000000712a00000| Untracked 
| 116|0x0000000712c00000, 0x0000000712c00000, 0x0000000712e00000|  0%| F|  |TAMS 0x0000000712c00000, 0x0000000712c00000| Untracked 
| 117|0x0000000712e00000, 0x0000000712e00000, 0x0000000713000000|  0%| F|  |TAMS 0x0000000712e00000, 0x0000000712e00000| Untracked 
| 118|0x0000000713000000, 0x0000000713000000, 0x0000000713200000|  0%| F|  |TAMS 0x0000000713000000, 0x0000000713000000| Untracked 
| 119|0x0000000713200000, 0x0000000713271320, 0x0000000713400000| 22%| E|  |TAMS 0x0000000713200000, 0x0000000713200000| Complete 
| 120|0x0000000713400000, 0x0000000713600000, 0x0000000713600000|100%| E|CS|TAMS 0x0000000713400000, 0x0000000713400000| Complete 
| 121|0x0000000713600000, 0x0000000713800000, 0x0000000713800000|100%| E|CS|TAMS 0x0000000713600000, 0x0000000713600000| Complete 
| 122|0x0000000713800000, 0x0000000713a00000, 0x0000000713a00000|100%| E|CS|TAMS 0x0000000713800000, 0x0000000713800000| Complete 
| 123|0x0000000713a00000, 0x0000000713c00000, 0x0000000713c00000|100%| E|CS|TAMS 0x0000000713a00000, 0x0000000713a00000| Complete 
| 124|0x0000000713c00000, 0x0000000713e00000, 0x0000000713e00000|100%| E|  |TAMS 0x0000000713c00000, 0x0000000713c00000| Complete 
| 125|0x0000000713e00000, 0x0000000714000000, 0x0000000714000000|100%| E|CS|TAMS 0x0000000713e00000, 0x0000000713e00000| Complete 

Card table byte_map: [0x000001daa8f60000,0x000001daa9740000] _byte_map_base: 0x000001daa573e000

Marking Bits (Prev, Next): (CMBitMap*) 0x000001da916404b0, (CMBitMap*) 0x000001da916404f0
 Prev Bits: [0x000001daa9f20000, 0x000001daade10000)
 Next Bits: [0x000001daade10000, 0x000001dab1d00000)

Polling page: 0x000001da8f540000

Metaspace:

Usage:
  Non-class:      2.41 MB used.
      Class:    260.01 KB used.
       Both:      2.67 MB used.

Virtual space:
  Non-class space:       64.00 MB reserved,       2.50 MB (  4%) committed,  1 nodes.
      Class space:        1.00 GB reserved,     384.00 KB ( <1%) committed,  1 nodes.
             Both:        1.06 GB reserved,       2.88 MB ( <1%) committed. 

Chunk freelists:
   Non-Class:  3.14 MB
       Class:  3.61 MB
        Both:  6.75 MB

MaxMetaspaceSize: unlimited
CompressedClassSpaceSize: 1.00 GB
Initial GC threshold: 21.00 MB
Current GC threshold: 21.00 MB
CDS: on
MetaspaceReclaimPolicy: balanced
 - commit_granule_bytes: 65536.
 - commit_granule_words: 8192.
 - virtual_space_node_default_size: 8388608.
 - enlarge_chunks_in_place: 1.
 - new_chunks_are_fully_committed: 0.
 - uncommit_free_chunks: 1.
 - use_allocation_guard: 0.


Internal statistics:

num_allocs_failed_limit: 0.
num_arena_births: 68.
num_arena_deaths: 0.
num_vsnodes_births: 2.
num_vsnodes_deaths: 0.
num_space_committed: 46.
num_space_uncommitted: 0.
num_chunks_returned_to_freelist: 0.
num_chunks_taken_from_freelist: 117.
num_chunk_merges: 0.
num_chunk_splits: 82.
num_chunks_enlarged: 56.
num_inconsistent_stats: 0.

CodeHeap 'non-profiled nmethods': size=119168Kb used=245Kb max_used=245Kb free=118922Kb
 bounds [0x000001daa0aa0000, 0x000001daa0d10000, 0x000001daa7f00000]
CodeHeap 'profiled nmethods': size=119104Kb used=1217Kb max_used=1217Kb free=117886Kb
 bounds [0x000001da99650000, 0x000001da998c0000, 0x000001daa0aa0000]
CodeHeap 'non-nmethods': size=7488Kb used=2855Kb max_used=2873Kb free=4632Kb
 bounds [0x000001da98f00000, 0x000001da991d0000, 0x000001da99650000]
 total_blobs=1201 nmethods=766 adapters=345
 compilation: enabled
              stopped_count=0, restarted_count=0
 full_count=0

Compilation events (20 events):
Event: 0.304 Thread 0x000001dab4c79910  732       3       java.lang.reflect.Modifier::isProtected (12 bytes)
Event: 0.304 Thread 0x000001dab4c79910 nmethod 732 0x000001da99771410 code [0x000001da997715a0, 0x000001da997716f8]
Event: 0.306 Thread 0x000001dab4c79910  733       3       java.lang.Enum::<init> (15 bytes)
Event: 0.306 Thread 0x000001dab4c79910 nmethod 733 0x000001da99771790 code [0x000001da99771920, 0x000001da99771af8]
Event: 0.306 Thread 0x000001dab4c79910  734       3       java.util.AbstractList::<init> (10 bytes)
Event: 0.306 Thread 0x000001dab4c79910 nmethod 734 0x000001da99771b90 code [0x000001da99771d40, 0x000001da99771f18]
Event: 0.307 Thread 0x000001dab4c79910  735       3       java.lang.invoke.MemberName$Factory::resolveOrFail (79 bytes)
Event: 0.307 Thread 0x000001dab4c78ef0  736       4       java.util.jar.JarFile::getEntry (35 bytes)
Event: 0.307 Thread 0x000001dab4c79910 nmethod 735 0x000001da99772010 code [0x000001da99772220, 0x000001da99772938]
Event: 0.308 Thread 0x000001dab4c79910  738  s    3       jdk.internal.loader.Resource::cachedInputStream (20 bytes)
Event: 0.309 Thread 0x000001dab4c79910 nmethod 738 0x000001da99772b90 code [0x000001da99772d40, 0x000001da99773068]
Event: 0.309 Thread 0x000001dab4c79910  739       1       java.util.jar.Manifest::getEntries (5 bytes)
Event: 0.309 Thread 0x000001dab4c79400  740       1       java.util.jar.Manifest::getMainAttributes (5 bytes)
Event: 0.309 Thread 0x000001dab4c79910 nmethod 739 0x000001daa0ad8d10 code [0x000001daa0ad8ea0, 0x000001daa0ad8f78]
Event: 0.309 Thread 0x000001dab4c79400 nmethod 740 0x000001daa0ad9010 code [0x000001daa0ad91a0, 0x000001daa0ad9278]
Event: 0.309 Thread 0x000001dab4c79400  741       1       java.util.zip.ZipEntry::getCrc (5 bytes)
Event: 0.309 Thread 0x000001dab4c79400 nmethod 741 0x000001daa0ad9310 code [0x000001daa0ad94a0, 0x000001daa0ad9578]
Event: 0.309 Thread 0x000001dab4c79400  742       3       java.lang.String::contains (19 bytes)
Event: 0.309 Thread 0x000001dab4c79400 nmethod 742 0x000001da99773110 code [0x000001da997732c0, 0x000001da99773538]
Event: 0.309 Thread 0x000001dab4c789e0  743       3       java.security.CodeSource::getCertificates (98 bytes)

GC Heap History (0 events):
No events

Deoptimization events (20 events):
Event: 0.214 Thread 0x000001da915cb8d0 DEOPT PACKING pc=0x000001daa0aa15dc sp=0x000000121b9fe100
Event: 0.214 Thread 0x000001da915cb8d0 DEOPT UNPACKING pc=0x000001da98f55c23 sp=0x000000121b9fe090 mode 2
Event: 0.214 Thread 0x000001da915cb8d0 Uncommon trap: trap_request=0xffffff45 fr.pc=0x000001daa0aa1928 relative=0x00000000000000a8
Event: 0.214 Thread 0x000001da915cb8d0 Uncommon trap: reason=unstable_if action=reinterpret pc=0x000001daa0aa1928 method=java.lang.String.isLatin1()Z @ 10 c2
Event: 0.214 Thread 0x000001da915cb8d0 DEOPT PACKING pc=0x000001daa0aa1928 sp=0x000000121b9feb10
Event: 0.214 Thread 0x000001da915cb8d0 DEOPT UNPACKING pc=0x000001da98f55c23 sp=0x000000121b9fea50 mode 2
Event: 0.247 Thread 0x000001da915cb8d0 Uncommon trap: trap_request=0xffffff45 fr.pc=0x000001daa0ab5ce4 relative=0x0000000000000064
Event: 0.247 Thread 0x000001da915cb8d0 Uncommon trap: reason=unstable_if action=reinterpret pc=0x000001daa0ab5ce4 method=java.io.WinNTFileSystem.isSlash(C)Z @ 9 c2
Event: 0.247 Thread 0x000001da915cb8d0 DEOPT PACKING pc=0x000001daa0ab5ce4 sp=0x000000121b9fd8b0
Event: 0.247 Thread 0x000001da915cb8d0 DEOPT UNPACKING pc=0x000001da98f55c23 sp=0x000000121b9fd838 mode 2
Event: 0.280 Thread 0x000001da915cb8d0 DEOPT PACKING pc=0x000001da996956d6 sp=0x000000121b9fc390
Event: 0.280 Thread 0x000001da915cb8d0 DEOPT UNPACKING pc=0x000001da98f56763 sp=0x000000121b9fb830 mode 0
Event: 0.286 Thread 0x000001da915cb8d0 Uncommon trap: trap_request=0xffffff45 fr.pc=0x000001daa0ad1408 relative=0x0000000000000268
Event: 0.286 Thread 0x000001da915cb8d0 Uncommon trap: reason=unstable_if action=reinterpret pc=0x000001daa0ad1408 method=java.io.BufferedReader.read()I @ 19 c2
Event: 0.286 Thread 0x000001da915cb8d0 DEOPT PACKING pc=0x000001daa0ad1408 sp=0x000000121b9fc8c0
Event: 0.286 Thread 0x000001da915cb8d0 DEOPT UNPACKING pc=0x000001da98f55c23 sp=0x000000121b9fc800 mode 2
Event: 0.286 Thread 0x000001da915cb8d0 Uncommon trap: trap_request=0xffffff45 fr.pc=0x000001daa0ad1a98 relative=0x0000000000000278
Event: 0.286 Thread 0x000001da915cb8d0 Uncommon trap: reason=unstable_if action=reinterpret pc=0x000001daa0ad1a98 method=java.io.BufferedReader.read()I @ 19 c2
Event: 0.286 Thread 0x000001da915cb8d0 DEOPT PACKING pc=0x000001daa0ad1a98 sp=0x000000121b9fc720
Event: 0.286 Thread 0x000001da915cb8d0 DEOPT UNPACKING pc=0x000001da98f55c23 sp=0x000000121b9fc6d0 mode 2

Classes loaded (20 events):
Event: 0.288 Loading class java/security/AccessControlException
Event: 0.288 Loading class java/security/AccessControlException done
Event: 0.295 Loading class java/util/concurrent/atomic/AtomicBoolean
Event: 0.295 Loading class java/util/concurrent/atomic/AtomicBoolean done
Event: 0.299 Loading class sun/util/calendar/ZoneInfoFile$Checksum
Event: 0.299 Loading class sun/util/calendar/ZoneInfoFile$Checksum done
Event: 0.300 Loading class java/time/zone/ZoneRulesProvider
Event: 0.300 Loading class java/time/zone/ZoneRulesProvider done
Event: 0.300 Loading class java/time/zone/ZoneRulesProvider$1
Event: 0.300 Loading class java/time/zone/ZoneRulesProvider$1 done
Event: 0.300 Loading class java/time/zone/TzdbZoneRulesProvider
Event: 0.300 Loading class java/time/zone/TzdbZoneRulesProvider done
Event: 0.302 Loading class java/time/zone/Ser
Event: 0.302 Loading class java/io/Externalizable
Event: 0.302 Loading class java/io/Externalizable done
Event: 0.302 Loading class java/time/zone/Ser done
Event: 0.302 Loading class java/time/zone/ZoneOffsetTransition
Event: 0.302 Loading class java/time/zone/ZoneOffsetTransition done
Event: 0.307 Loading class java/util/concurrent/atomic/AtomicReference
Event: 0.307 Loading class java/util/concurrent/atomic/AtomicReference done

Classes unloaded (0 events):
No events

Classes redefined (0 events):
No events

Internal exceptions (7 events):
Event: 0.206 Thread 0x000001da915cb8d0 Exception <a 'java/lang/NoSuchMethodError'{0x000000071396e690}: 'void java.lang.invoke.DirectMethodHandle$Holder.invokeStatic(java.lang.Object, java.lang.Object, java.lang.Object)'> (0x000000071396e690) 
thrown [s\open\src\hotspot\share\interpreter\linkResolver.cpp, line 759]
Event: 0.208 Thread 0x000001da915cb8d0 Exception <a 'java/lang/NoSuchMethodError'{0x00000007139873a8}: 'java.lang.Object java.lang.invoke.Invokers$Holder.invokeExact_MT(java.lang.Object, java.lang.Object, java.lang.Object, java.lang.Object, java.lang.Object)'> (0x00000007139873a8) 
thrown [s\open\src\hotspot\share\interpreter\linkResolver.cpp, line 759]
Event: 0.219 Thread 0x000001dab9258420 Exception <a 'java/lang/NoSuchMethodError'{0x00000007139ad3d0}: 'void java.lang.invoke.DirectMethodHandle$Holder.invokeStatic(java.lang.Object, java.lang.Object)'> (0x00000007139ad3d0) 
thrown [s\open\src\hotspot\share\interpreter\linkResolver.cpp, line 759]
Event: 0.273 Thread 0x000001da915cb8d0 Exception <a 'java/lang/NoSuchMethodError'{0x000000071346c530}: 'java.lang.Object java.lang.invoke.DirectMethodHandle$Holder.invokeSpecial(java.lang.Object, java.lang.Object, java.lang.Object, long, java.lang.Object)'> (0x000000071346c530) 
thrown [s\open\src\hotspot\share\interpreter\linkResolver.cpp, line 759]
Event: 0.273 Thread 0x000001da915cb8d0 Exception <a 'java/lang/NoSuchMethodError'{0x0000000713470100}: 'java.lang.Object java.lang.invoke.Invokers$Holder.linkToTargetMethod(java.lang.Object, long, java.lang.Object, java.lang.Object)'> (0x0000000713470100) 
thrown [s\open\src\hotspot\share\interpreter\linkResolver.cpp, line 759]
Event: 0.284 Thread 0x000001da915cb8d0 Exception <a 'java/lang/ClassNotFoundException'{0x00000007134a4ad0}: javax/smartcardio/CardPermission> (0x00000007134a4ad0) 
thrown [s\open\src\hotspot\share\classfile\systemDictionary.cpp, line 255]
Event: 0.286 Thread 0x000001da915cb8d0 Exception <a 'java/io/FileNotFoundException'{0x00000007134b3090}> (0x00000007134b3090) 
thrown [s\open\src\hotspot\share\prims\jni.cpp, line 516]

VM Operations (8 events):
Event: 0.143 Executing VM operation: HandshakeAllThreads
Event: 0.143 Executing VM operation: HandshakeAllThreads done
Event: 0.215 Executing VM operation: HandshakeAllThreads
Event: 0.215 Executing VM operation: HandshakeAllThreads done
Event: 0.242 Executing VM operation: HandshakeAllThreads
Event: 0.242 Executing VM operation: HandshakeAllThreads done
Event: 0.247 Executing VM operation: HandshakeAllThreads
Event: 0.247 Executing VM operation: HandshakeAllThreads done

Events (20 events):
Event: 0.091 Thread 0x000001dab4c5c5a0 Thread added: 0x000001dab4c5c5a0
Event: 0.091 Thread 0x000001dab4c5ef50 Thread added: 0x000001dab4c5ef50
Event: 0.091 Thread 0x000001dab4c61900 Thread added: 0x000001dab4c61900
Event: 0.101 Thread 0x000001dab4c63310 Thread added: 0x000001dab4c63310
Event: 0.101 Thread 0x000001dab4c79910 Thread added: 0x000001dab4c79910
Event: 0.101 Thread 0x000001dab4c8c310 Thread added: 0x000001dab4c8c310
Event: 0.136 Thread 0x000001dab90a7cb0 Thread added: 0x000001dab90a7cb0
Event: 0.143 Thread 0x000001dab4c79400 Thread added: 0x000001dab4c79400
Event: 0.144 Thread 0x000001dab4c77fc0 Thread added: 0x000001dab4c77fc0
Event: 0.144 Thread 0x000001dab4c789e0 Thread added: 0x000001dab4c789e0
Event: 0.151 Loaded shared library C:\Program Files\Java\jdk-18.0.2.1\bin\zip.dll
Event: 0.153 Loaded shared library C:\Program Files\Java\jdk-18.0.2.1\bin\instrument.dll
Event: 0.156 Loaded shared library C:\Program Files\Java\jdk-18.0.2.1\bin\net.dll
Event: 0.157 Loaded shared library C:\Program Files\Java\jdk-18.0.2.1\bin\nio.dll
Event: 0.159 Loaded shared library C:\Program Files\Java\jdk-18.0.2.1\bin\zip.dll
Event: 0.166 Thread 0x000001dab4c78ef0 Thread added: 0x000001dab4c78ef0
Event: 0.213 Loaded shared library C:\Users\42410863817\AppData\Local\JetBrains\IntelliJ IDEA Community Edition 2023.2.2\bin\breakgen64.dll
Event: 0.213 Thread 0x000001dab9258420 Thread added: 0x000001dab9258420
Event: 0.213 Thread 0x000001dab93cddd0 Thread added: 0x000001dab93cddd0
Event: 0.245 Loaded shared library C:\Program Files\Java\jdk-18.0.2.1\bin\jimage.dll


Dynamic libraries:
0x00007ff73b0d0000 - 0x00007ff73b0e0000 	C:\Program Files\Java\jdk-18.0.2.1\bin\java.exe
0x00007fff250a0000 - 0x00007fff252a9000 	C:\Windows\SYSTEM32\ntdll.dll
0x00007fff23e60000 - 0x00007fff23f1d000 	C:\Windows\System32\KERNEL32.DLL
0x00007fff225d0000 - 0x00007fff22954000 	C:\Windows\System32\KERNELBASE.dll
0x00007fff22bf0000 - 0x00007fff22d01000 	C:\Windows\System32\ucrtbase.dll
0x00007fff1d9c0000 - 0x00007fff1d9d8000 	C:\Program Files\Java\jdk-18.0.2.1\bin\jli.dll
0x00007fff1d9a0000 - 0x00007fff1d9ba000 	C:\Program Files\Java\jdk-18.0.2.1\bin\VCRUNTIME140.dll
0x00007fff232b0000 - 0x00007fff2335e000 	C:\Windows\System32\ADVAPI32.dll
0x00007fff22ff0000 - 0x00007fff23093000 	C:\Windows\System32\msvcrt.dll
0x00007fff23740000 - 0x00007fff237de000 	C:\Windows\System32\sechost.dll
0x00007fff237e0000 - 0x00007fff23901000 	C:\Windows\System32\RPCRT4.dll
0x00007fff23590000 - 0x00007fff2373d000 	C:\Windows\System32\USER32.dll
0x00007fff22ec0000 - 0x00007fff22ee6000 	C:\Windows\System32\win32u.dll
0x00007fff00050000 - 0x00007fff002f5000 	C:\Windows\WinSxS\amd64_microsoft.windows.common-controls_6595b64144ccf1df_6.0.22000.120_none_9d947278b86cc467\COMCTL32.dll
0x00007fff24610000 - 0x00007fff2463a000 	C:\Windows\System32\GDI32.dll
0x00007fff22960000 - 0x00007fff22a7e000 	C:\Windows\System32\gdi32full.dll
0x00007fff22530000 - 0x00007fff225cd000 	C:\Windows\System32\msvcp_win.dll
0x00007fff17880000 - 0x00007fff1788a000 	C:\Windows\SYSTEM32\VERSION.dll
0x00007fff23d90000 - 0x00007fff23dc1000 	C:\Windows\System32\IMM32.DLL
0x00007fff1d990000 - 0x00007fff1d99c000 	C:\Program Files\Java\jdk-18.0.2.1\bin\vcruntime140_1.dll
0x00007fff10840000 - 0x00007fff108cd000 	C:\Program Files\Java\jdk-18.0.2.1\bin\msvcp140.dll
0x00007ffed3750000 - 0x00007ffed4361000 	C:\Program Files\Java\jdk-18.0.2.1\bin\server\jvm.dll
0x00007fff24e20000 - 0x00007fff24e28000 	C:\Windows\System32\PSAPI.DLL
0x00007fff1d7b0000 - 0x00007fff1d7b9000 	C:\Windows\SYSTEM32\WSOCK32.dll
0x00007fff18ea0000 - 0x00007fff18ed3000 	C:\Windows\SYSTEM32\WINMM.dll
0x00007fff23520000 - 0x00007fff2358f000 	C:\Windows\System32\WS2_32.dll
0x00007fff215f0000 - 0x00007fff21608000 	C:\Windows\SYSTEM32\kernel.appcore.dll
0x00007fff1d980000 - 0x00007fff1d98a000 	C:\Program Files\Java\jdk-18.0.2.1\bin\jimage.dll
0x00007fff1fd30000 - 0x00007fff1ff51000 	C:\Windows\SYSTEM32\DBGHELP.DLL
0x00007fff15c80000 - 0x00007fff15cb1000 	C:\Windows\SYSTEM32\dbgcore.DLL
0x00007fff22d80000 - 0x00007fff22dff000 	C:\Windows\System32\bcryptPrimitives.dll
0x00007fff1d930000 - 0x00007fff1d93e000 	C:\Program Files\Java\jdk-18.0.2.1\bin\instrument.dll
0x00007fff1d950000 - 0x00007fff1d975000 	C:\Program Files\Java\jdk-18.0.2.1\bin\java.dll
0x00007fff10760000 - 0x00007fff10836000 	C:\Program Files\Java\jdk-18.0.2.1\bin\jsvml.dll
0x00007fff24650000 - 0x00007fff24e15000 	C:\Windows\System32\SHELL32.dll
0x00007fff203f0000 - 0x00007fff20c52000 	C:\Windows\SYSTEM32\windows.storage.dll
0x00007fff23fd0000 - 0x00007fff24346000 	C:\Windows\System32\combase.dll
0x00007fff20280000 - 0x00007fff203e7000 	C:\Windows\SYSTEM32\wintypes.dll
0x00007fff244c0000 - 0x00007fff245aa000 	C:\Windows\System32\SHCORE.dll
0x00007fff25000000 - 0x00007fff2505d000 	C:\Windows\System32\shlwapi.dll
0x00007fff22460000 - 0x00007fff22485000 	C:\Windows\SYSTEM32\profapi.dll
0x00007fff1d5e0000 - 0x00007fff1d5f8000 	C:\Program Files\Java\jdk-18.0.2.1\bin\zip.dll
0x00007fff1d700000 - 0x00007fff1d713000 	C:\Program Files\Java\jdk-18.0.2.1\bin\net.dll
0x00007fff1a0c0000 - 0x00007fff1a1d4000 	C:\Windows\SYSTEM32\WINHTTP.dll
0x00007fff21b40000 - 0x00007fff21ba7000 	C:\Windows\system32\mswsock.dll
0x00007fff1d6e0000 - 0x00007fff1d6f6000 	C:\Program Files\Java\jdk-18.0.2.1\bin\nio.dll
0x00007fff1d900000 - 0x00007fff1d91a000 	C:\Users\42410863817\AppData\Local\JetBrains\IntelliJ IDEA Community Edition 2023.2.2\bin\breakgen64.dll

dbghelp: loaded successfully - version: 4.0.5 - missing functions: none
symbol engine: initialized successfully - sym options: 0x614 - pdb path: .;C:\Program Files\Java\jdk-18.0.2.1\bin;C:\Windows\SYSTEM32;C:\Windows\WinSxS\amd64_microsoft.windows.common-controls_6595b64144ccf1df_6.0.22000.120_none_9d947278b86cc467;C:\Program Files\Java\jdk-18.0.2.1\bin\server;C:\Users\42410863817\AppData\Local\JetBrains\IntelliJ IDEA Community Edition 2023.2.2\bin

VM Arguments:
jvm_args: -javaagent:C:\Users\42410863817\AppData\Local\JetBrains\IntelliJ IDEA Community Edition 2023.2.2\lib\idea_rt.jar=64797:C:\Users\42410863817\AppData\Local\JetBrains\IntelliJ IDEA Community Edition 2023.2.2\bin -Dfile.encoding=UTF-8 -Dsun.stdout.encoding=UTF-8 -Dsun.stderr.encoding=UTF-8 
java_command: Vsconnect.senai.SenaiApplication
java_class_path (initial): C:\Users\42410863817\Desktop\APIs\senai\target\classes;C:\Users\42410863817\.m2\repository\org\springframework\boot\spring-boot-starter-data-jpa\3.1.5\spring-boot-starter-data-jpa-3.1.5.jar;C:\Users\42410863817\.m2\repository\org\springframework\boot\spring-boot-starter-aop\3.1.5\spring-boot-starter-aop-3.1.5.jar;C:\Users\42410863817\.m2\repository\org\springframework\spring-aop\6.0.13\spring-aop-6.0.13.jar;C:\Users\42410863817\.m2\repository\org\aspectj\aspectjweaver\1.9.20\aspectjweaver-1.9.20.jar;C:\Users\42410863817\.m2\repository\org\springframework\boot\spring-boot-starter-jdbc\3.1.5\spring-boot-starter-jdbc-3.1.5.jar;C:\Users\42410863817\.m2\repository\com\zaxxer\HikariCP\5.0.1\HikariCP-5.0.1.jar;C:\Users\42410863817\.m2\repository\org\springframework\spring-jdbc\6.0.13\spring-jdbc-6.0.13.jar;C:\Users\42410863817\.m2\repository\org\hibernate\orm\hibernate-core\6.2.13.Final\hibernate-core-6.2.13.Final.jar;C:\Users\42410863817\.m2\repository\jakarta\persistence\jakarta.persistence-api\3.1.0\jakarta.persistence-api-3.1.0.jar;C:\Users\42410863817\.m2\repository\jakarta\transaction\jakarta.transaction-api\2.0.1\jakarta.transaction-api-2.0.1.jar;C:\Users\42410863817\.m2\repository\org\jboss\logging\jboss-logging\3.5.3.Final\jboss-logging-3.5.3.Final.jar;C:\Users\42410863817\.m2\repository\org\hibernate\common\hibernate-commons-annotations\6.0.6.Final\hibernate-commons-annotations-6.0.6.Final.jar;C:\Users\42410863817\.m2\repository\io\smallrye\jandex\3.0.5\jandex-3.0.5.jar;C:\Users\42410863817\.m2\repository\com\fasterxml\classmate\1.5.1\classmate-1.5.1.jar;C:\Users\42410863817\.m2\repository\net\bytebuddy\byte-buddy\1.14.9\byte-buddy-1.14.9.jar;C:\Users\42410863817\.m2\repository\org\glassfish\jaxb\jaxb-runtime\4.0.3\jaxb-runtime-4.0.3.jar;C:\Users\42410863817\.m2\repository\org\glassfish\jaxb\jaxb-core\4.0.3\jaxb-core-4.0.3.jar;C:\Users\42410863817\.m2\repository\org\eclipse\angus\angus-activation\2.0.1\angus-activation-2.0.1.jar;C:\Users\42410863817\.m2\repository\org\glassfish\jaxb\txw2\4.0.3\txw2-4.0.3.jar;C:\Users\42410863817\.m2\repository\com\sun\istack\istack-commons-runtime\4.1.2\istack-commons-runtime-4.1.2.jar;C:\Users\42410863817\.m2\repository\jakarta\inject\jakarta.inject-api\2.0.1\jakarta.inject-api-2.0.1.jar;C:\Users\42410863817\.m2\repository\org\antlr\antlr4-runtime\4.10.1\antlr4-runtime-4.10.1.jar;C:\Users\42410863817\.m2\repository\org\springframework\data\spring-data-jpa\3.1.5\spring-data-jpa-3.1.5.jar;C:\Users\42410863817\.m2\repository\org\springframework\data\spring-data-commons\3.1.5\spring-data-commons-3.1.5.jar;C:\Users\42410863817\.m2\repository\org\springframework\spring-orm\6.0.13\spring-orm-6.0.13.jar;C:\Users\42410863817\.m2\repository\org\springframework\spring-context\6.0.13\spring-context-6.0.13.jar;C:\Users\42410863817\.m2\repository\org\springframework\spring-tx\6.0.13\spring-tx-6.0.13.jar;C:\Users\42410863817\.m2\repository\org\springframework\spring-beans\6.0.13\spring-beans-6.0.13.jar;C:\Users\42410863817\.m2\repository\org\slf4j\slf4j-api\2.0.9\slf4j-api-2.0.9.jar;C:\Users\42410863817\.m2\repository\org\springframework\spring-aspects\6.0.13\spring-aspects-6.0.13.jar;C:\Users\42410863817\.m2\repository\org\springframework\boot\spring-boot-starter-validation\3.1.5\spring-boot-starter-validation-3.1.5.jar;C:\Users\42410863817\.m2\repository\org\springframework\boot\spring-boot-starter\3.1.5\spring-boot-starter-3.1.5.jar;C:\Users\42410863817\.m2\repository\org\springframework\boot\spring-boot\3.1.5\spring-boot-3.1.5.jar;C:\Users\42410863817\.m2\repository\org\springframework\boot\spring-boot-autoconfigure\3.1.5\spring-boot-autoconfigure-3.1.5.jar;C:\Users\42410863817\.m2\repository\org\springframework\boot\spring-boot-starter-logging\3.1.5\spring-boot-starter-logging-3.1.5.jar;C:\Users\42410863817\.m2\repository\ch\qos\logback\logback-classic\1.4.11\logback-classic-1.4.11.jar;C:\Users\42410863817\.m2\repository\ch\qos\logback\logback-core\1.4.11\logback-core-1.4.11.jar;C:\Users\42410863817\.m2\repository\org\apache\logging\log4j\log4j-to-slf4j\2.20.0\log4j-to-slf4j-2.20.0.jar;C:\Users\42410863817\.m2\repository\org\apache\logging\log4j\log4j-api\2.20.0\log4j-api-2.20.0.jar;C:\Users\42410863817\.m2\repository\org\slf4j\jul-to-slf4j\2.0.9\jul-to-slf4j-2.0.9.jar;C:\Users\42410863817\.m2\repository\org\yaml\snakeyaml\1.33\snakeyaml-1.33.jar;C:\Users\42410863817\.m2\repository\org\apache\tomcat\embed\tomcat-embed-el\10.1.15\tomcat-embed-el-10.1.15.jar;C:\Users\42410863817\.m2\repository\org\hibernate\validator\hibernate-validator\8.0.1.Final\hibernate-validator-8.0.1.Final.jar;C:\Users\42410863817\.m2\repository\jakarta\validation\jakarta.validation-api\3.0.2\jakarta.validation-api-3.0.2.jar;C:\Users\42410863817\.m2\repository\org\springframework\boot\spring-boot-starter-web\3.1.5\spring-boot-starter-web-3.1.5.jar;C:\Users\42410863817\.m2\repository\org\springframework\boot\spring-boot-starter-json\3.1.5\spring-boot-starter-json-3.1.5.jar;C:\Users\42410863817\.m2\repository\com\fasterxml\jackson\core\jackson-databind\2.15.3\jackson-databind-2.15.3.jar;C:\Users\42410863817\.m2\repository\com\fasterxml\jackson\core\jackson-annotations\2.15.3\jackson-annotations-2.15.3.jar;C:\Users\42410863817\.m2\repository\com\fasterxml\jackson\core\jackson-core\2.15.3\jackson-core-2.15.3.jar;C:\Users\42410863817\.m2\repository\com\fasterxml\jackson\datatype\jackson-datatype-jdk8\2.15.3\jackson-datatype-jdk8-2.15.3.jar;C:\Users\42410863817\.m2\repository\com\fasterxml\jackson\datatype\jackson-datatype-jsr310\2.15.3\jackson-datatype-jsr310-2.15.3.jar;C:\Users\42410863817\.m2\repository\com\fasterxml\jackson\module\jackson-module-parameter-names\2.15.3\jackson-module-parameter-names-2.15.3.jar;C:\Users\42410863817\.m2\repository\org\springframework\spring-web\6.0.13\spring-web-6.0.13.jar;C:\Users\42410863817\.m2\repository\io\micrometer\micrometer-observation\1.11.5\micrometer-observation-1.11.5.jar;C:\Users\42410863817\.m2\repository\io\micrometer\micrometer-commons\1.11.5\micrometer-commons-1.11.5.jar;C:\Users\42410863817\.m2\repository\org\springframework\spring-webmvc\6.0.13\spring-webmvc-6.0.13.jar;C:\Users\42410863817\.m2\repository\org\springframework\spring-expression\6.0.13\spring-expression-6.0.13.jar;C:\Users\42410863817\.m2\repository\com\mysql\mysql-connector-j\8.0.33\mysql-connector-j-8.0.33.jar;C:\Users\42410863817\.m2\repository\org\projectlombok\lombok\1.18.30\lombok-1.18.30.jar;C:\Users\42410863817\.m2\repository\org\springframework\boot\spring-boot-starter-tomcat\3.1.5\spring-boot-starter-tomcat-3.1.5.jar;C:\Users\42410863817\.m2\repository\jakarta\annotation\jakarta.annotation-api\2.1.1\jakarta.annotation-api-2.1.1.jar;C:\Users\42410863817\.m2\repository\org\apache\tomcat\embed\tomcat-embed-core\10.1.15\tomcat-embed-core-10.1.15.jar;C:\Users\42410863817\.m2\repository\org\apache\tomcat\embed\tomcat-embed-websocket\10.1.15\tomcat-embed-websocket-10.1.15.jar;C:\Users\42410863817\.m2\repository\jakarta\xml\bind\jakarta.xml.bind-api\4.0.1\jakarta.xml.bind-api-4.0.1.jar;C:\Users\42410863817\.m2\repository\jakarta\activation\jakarta.activation-api\2.1.2\jakarta.activation-api-2.1.2.jar;C:\Users\42410863817\.m2\repository\org\springframework\spring-core\6.0.13\spring-core-6.0.13.jar;C:\Users\42410863817\.m2\repository\org\springframework\spring-jcl\6.0.13\spring-jcl-6.0.13.jar
Launcher Type: SUN_STANDARD

[Global flags]
     intx CICompilerCount                          = 12                                        {product} {ergonomic}
     uint ConcGCThreads                            = 3                                         {product} {ergonomic}
     uint G1ConcRefinementThreads                  = 13                                        {product} {ergonomic}
   size_t G1HeapRegionSize                         = 2097152                                   {product} {ergonomic}
    uintx GCDrainStackTargetSize                   = 64                                        {product} {ergonomic}
   size_t InitialHeapSize                          = 264241152                                 {product} {ergonomic}
   size_t MarkStackSize                            = 4194304                                   {product} {ergonomic}
   size_t MaxHeapSize                              = 4223664128                                {product} {ergonomic}
   size_t MaxNewSize                               = 2533359616                                {product} {ergonomic}
   size_t MinHeapDeltaBytes                        = 2097152                                   {product} {ergonomic}
   size_t MinHeapSize                              = 8388608                                   {product} {ergonomic}
    uintx NonNMethodCodeHeapSize                   = 7602480                                {pd product} {ergonomic}
    uintx NonProfiledCodeHeapSize                  = 122027880                              {pd product} {ergonomic}
    uintx ProfiledCodeHeapSize                     = 122027880                              {pd product} {ergonomic}
    uintx ReservedCodeCacheSize                    = 251658240                              {pd product} {ergonomic}
     bool SegmentedCodeCache                       = true                                      {product} {ergonomic}
   size_t SoftMaxHeapSize                          = 4223664128                             {manageable} {ergonomic}
     bool UseCompressedClassPointers               = true                           {product lp64_product} {ergonomic}
     bool UseCompressedOops                        = true                           {product lp64_product} {ergonomic}
     bool UseG1GC                                  = true                                      {product} {ergonomic}
     bool UseLargePagesIndividualAllocation        = false                                  {pd product} {ergonomic}

Logging:
Log output configuration:
 #0: stdout all=warning uptime,level,tags foldmultilines=false
 #1: stderr all=off uptime,level,tags foldmultilines=false

Environment Variables:
PATH=C:\Program Files\Common Files\Oracle\Java\javapath;C:\Windows\system32;C:\Windows;C:\Windows\System32\Wbem;C:\Windows\System32\WindowsPowerShell\v1.0\;C:\Windows\System32\OpenSSH\;C:\Program Files (x86)\NVIDIA Corporation\PhysX\Common;C:\Program Files\NVIDIA Corporation\NVIDIA NvDLISR;C:\Program Files\dotnet\;C:\Program Files\nodejs\;C:\Program Files\Git\cmd;C:\Users\42410863817\AppData\Local\Microsoft\WindowsApps;;C:\Users\42410863817\AppData\Local\Programs\Microsoft VS Code\bin;C:\Users\42410863817\AppData\Local\JetBrains\IntelliJ IDEA Community Edition 2023.2.2\bin;
USERNAME=42410863817
OS=Windows_NT
PROCESSOR_IDENTIFIER=Intel64 Family 6 Model 141 Stepping 1, GenuineIntel



---------------  S Y S T E M  ---------------

OS:
 Windows 11 , 64 bit Build 22000 (10.0.22000.2538)
OS uptime: 7 days 0:25 hours

CPU: total 16 (initial active 16) (8 cores per cpu, 2 threads per core) family 6 model 141 stepping 1 microcode 0x46, cx8, cmov, fxsr, ht, mmx, 3dnowpref, sse, sse2, sse3, ssse3, sse4.1, sse4.2, popcnt, lzcnt, tsc, tscinvbit, avx, avx2, aes, erms, clmul, bmi1, bmi2, adx, avx512f, avx512dq, avx512cd, avx512bw, avx512vl, sha, fma, vzeroupper, avx512_vpopcntdq, avx512_vpclmulqdq, avx512_vaes, avx512_vnni, clflush, clflushopt, clwb, avx512_vbmi2, avx512_vbmi

Memory: 4k page, system-wide physical 16110M (689M free)
TotalPageFile size 65262M (AvailPageFile size 4M)
current process WorkingSet (physical memory assigned to process): 56M, peak: 56M
current process commit charge ("private bytes"): 361M, peak: 361M

vm_info: Java HotSpot(TM) 64-Bit Server VM (18.0.2.1+1-1) for windows-amd64 JRE (18.0.2.1+1-1), built on Aug 16 2022 01:46:33 by "mach5one" with MS VC++ 16.8 / 16.9 (VS2019)

END.
